<?xml version="1.0" encoding="UTF-8"?>
<!-- Generated by org.testng.reporters.JUnitReportReporter -->
<testsuite hostname="SC-CAF-CND84305MY" failures="0" tests="5" name="com.MACU.BUI.FeedbackAdmin" time="324.134" errors="0" timestamp="2024-07-02T13:19:51 IST" skipped="0">
  <testcase classname="com.MACU.BUI.FeedbackAdmin" name="testSearchanArticleSection" time="31.063"/>
  <system-out/>
  <testcase classname="com.MACU.BUI.FeedbackAdmin" name="testFeedbackPage" time="40.753"/>
  <system-out/>
  <testcase classname="com.MACU.BUI.FeedbackAdmin" name="testMyFeedbackStatus" time="85.193"/>
  <system-out/>
  <testcase classname="com.MACU.BUI.FeedbackAdmin" name="testNavigateToFeedBackAdminReportFlow" time="85.246"/>
  <system-out/>
  <testcase classname="com.MACU.BUI.FeedbackAdmin" name="testSelectingandGivingAsnwerstoReportFlow" time="81.879"/>
  <system-out/>
</testsuite> <!-- com.MACU.BUI.FeedbackAdmin -->
