<?xml version="1.0" encoding="UTF-8"?>
<!-- Generated by org.testng.reporters.JUnitReportReporter -->
<testsuite hostname="SC-CAF-CND84305MY" failures="0" tests="1" name="com.MACU.CP.MyActivity" time="91.026" errors="0" timestamp="2024-07-02T16:15:41 IST" skipped="0">
  <testcase classname="com.MACU.CP.MyActivity" name="testSearchPage" time="91.026"/>
  <system-out/>
</testsuite> <!-- com.MACU.CP.MyActivity -->
