<?xml version="1.0" encoding="UTF-8"?>
<!-- Generated by org.testng.reporters.JUnitReportReporter -->
<testsuite hostname="SC-CAF-CND84305MY" failures="0" tests="2" name="com.MACU.BUI.FeedbackReport" time="148.907" errors="0" timestamp="2024-07-02T13:37:39 IST" skipped="0">
  <testcase classname="com.MACU.BUI.FeedbackReport" name="testSelectOKCSReport" time="60.534"/>
  <system-out/>
  <testcase classname="com.MACU.BUI.FeedbackReport" name="testFeedbackStatus" time="88.373"/>
  <system-out/>
</testsuite> <!-- com.MACU.BUI.FeedbackReport -->
