<?xml version="1.0" encoding="UTF-8"?>
<!-- Generated by org.testng.reporters.JUnitReportReporter -->
<testsuite hostname="SC-CAF-CND84305MY" failures="0" tests="5" name="com.MACU.BUI.AnswerVotingFeedbackReport" time="326.493" errors="0" timestamp="2024-07-02T11:51:42 IST" skipped="0">
  <testcase classname="com.MACU.BUI.AnswerVotingFeedbackReport" name="testSearchanArticle" time="29.504"/>
  <system-out/>
  <testcase classname="com.MACU.BUI.AnswerVotingFeedbackReport" name="testFeedbackPage" time="27.431"/>
  <system-out/>
  <testcase classname="com.MACU.BUI.AnswerVotingFeedbackReport" name="testMyFeedbackStatus" time="69.354"/>
  <system-out/>
  <testcase classname="com.MACU.BUI.AnswerVotingFeedbackReport" name="testNavigateToAnwserVotingFeedBackReportlow" time="117.893"/>
  <system-out/>
  <testcase classname="com.MACU.BUI.AnswerVotingFeedbackReport" name="testSelectingandGivingAnswerstoReportFlow" time="82.311"/>
  <system-out/>
</testsuite> <!-- com.MACU.BUI.AnswerVotingFeedbackReport -->
