<?xml version="1.0" encoding="UTF-8"?>
<!-- Generated by org.testng.reporters.JUnitReportReporter -->
<testsuite hostname="SC-CAF-CND84305MY" failures="0" tests="2" name="com.MACU.BUI.ActionsDashboardReport" time="72.677" errors="0" timestamp="2024-07-02T10:16:17 IST" skipped="0">
  <testcase classname="com.MACU.BUI.ActionsDashboardReport" name="testOKCSReports" time="45.001"/>
  <system-out/>
  <testcase classname="com.MACU.BUI.ActionsDashboardReport" name="testVisitorActionsDashboard" time="27.676"/>
  <system-out/>
</testsuite> <!-- com.MACU.BUI.ActionsDashboardReport -->
