<?xml version="1.0" encoding="UTF-8"?>
<!-- Generated by org.testng.reporters.JUnitReportReporter -->
<testsuite hostname="SC-CAF-CND84305MY" failures="0" tests="3" name="com.MACU.BUI.ModifyArticleFlow" time="186.506" errors="0" timestamp="2024-07-02T13:44:12 IST" skipped="0">
  <testcase classname="com.MACU.BUI.ModifyArticleFlow" name="testNavigateToArticleFlow" time="30.522"/>
  <system-out/>
  <testcase classname="com.MACU.BUI.ModifyArticleFlow" name="testEditArticleFlow" time="109.084"/>
  <system-out/>
  <testcase classname="com.MACU.BUI.ModifyArticleFlow" name="testSearchanArticle" time="46.900"/>
  <system-out/>
</testsuite> <!-- com.MACU.BUI.ModifyArticleFlow -->
