<?xml version="1.0" encoding="UTF-8"?>
<!-- Generated by org.testng.reporters.JUnitReportReporter -->
<testsuite hostname="SC-CAF-CND84305MY" failures="0" tests="2" name="com.MACU.BUI.ThumbsUpAndThumbsDownFeedback" time="76.365" errors="0" timestamp="2024-07-02T15:32:09 IST" skipped="0">
  <testcase classname="com.MACU.BUI.ThumbsUpAndThumbsDownFeedback" name="testThumbsUpAndThumbsDownFeedbackFlow" time="39.459"/>
  <system-out/>
  <testcase classname="com.MACU.BUI.ThumbsUpAndThumbsDownFeedback" name="testSelectingandVerifyingFlow" time="36.906"/>
  <system-out/>
</testsuite> <!-- com.MACU.BUI.ThumbsUpAndThumbsDownFeedback -->
