<?xml version="1.0" encoding="UTF-8"?>
<!-- Generated by org.testng.reporters.JUnitReportReporter -->
<testsuite hostname="SC-CAF-CND84305MY" failures="0" tests="4" name="com.MACU.CP.BrowseAllPages" time="396.610" errors="0" timestamp="2024-07-02T15:54:22 IST" skipped="0">
  <testcase classname="com.MACU.CP.BrowseAllPages" name="testHighlightedKeyWords" time="16.880"/>
  <system-out/>
  <testcase classname="com.MACU.CP.BrowseAllPages" name="testFilterByProductAndFilterByCategory" time="193.448"/>
  <system-out/>
  <testcase classname="com.MACU.CP.BrowseAllPages" name="testViewAtoZ" time="129.096"/>
  <system-out/>
  <testcase classname="com.MACU.CP.BrowseAllPages" name="testVerifyKeyWords" time="57.186"/>
  <system-out/>
</testsuite> <!-- com.MACU.CP.BrowseAllPages -->
