<?xml version="1.0" encoding="UTF-8"?>
<!-- Generated by org.testng.reporters.JUnitReportReporter -->
<testsuite hostname="SC-CAF-CND84305MY" failures="0" tests="5" name="com.MACU.BUI.ThumbsDownFeedBack" time="425.286" errors="0" timestamp="2024-07-03T17:14:45 IST" skipped="0">
  <testcase classname="com.MACU.BUI.ThumbsDownFeedBack" name="testJumpToSection" time="30.605"/>
  <system-out/>
  <testcase classname="com.MACU.BUI.ThumbsDownFeedBack" name="testFeedbackPage" time="22.831"/>
  <system-out/>
  <testcase classname="com.MACU.BUI.ThumbsDownFeedBack" name="testMyFeedbackStatus" time="63.965"/>
  <system-out/>
  <testcase classname="com.MACU.BUI.ThumbsDownFeedBack" name="testNavigateToThumbsDownFeedBackReportFlow" time="202.176"/>
  <system-out/>
  <testcase classname="com.MACU.BUI.ThumbsDownFeedBack" name="testSelectingandGivingAnswerstoReportFlow" time="105.709"/>
  <system-out/>
</testsuite> <!-- com.MACU.BUI.ThumbsDownFeedBack -->
