<?xml version="1.0" encoding="UTF-8"?>
<!-- Generated by org.testng.reporters.JUnitReportReporter -->
<testsuite hostname="SC-CAF-CND84305MY" failures="0" tests="3" name="com.MACU.CP.MyFeedback" time="178.023" errors="0" timestamp="2024-07-02T16:19:33 IST" skipped="0">
  <testcase classname="com.MACU.CP.MyFeedback" name="testJumpToSection" time="24.031"/>
  <system-out/>
  <testcase classname="com.MACU.CP.MyFeedback" name="testFeedbackPage" time="74.321"/>
  <system-out/>
  <testcase classname="com.MACU.CP.MyFeedback" name="testMyFeedbackStatus" time="79.671"/>
  <system-out/>
</testsuite> <!-- com.MACU.CP.MyFeedback -->
