<?xml version="1.0" encoding="UTF-8"?>
<!-- Generated by org.testng.reporters.JUnitReportReporter -->
<testsuite hostname="SC-CAF-CND84305MY" failures="0" tests="2" name="com.MACU.BUI.CallOuts" time="210.460" errors="0" timestamp="2024-07-02T13:01:02 IST" skipped="0">
  <testcase classname="com.MACU.BUI.CallOuts" name="testExistingAccount" time="139.925"/>
  <system-out/>
  <testcase classname="com.MACU.BUI.CallOuts" name="testCPCallouts" time="70.535"/>
  <system-out/>
</testsuite> <!-- com.MACU.BUI.CallOuts -->
