<?xml version="1.0" encoding="UTF-8"?>
<!-- Generated by org.testng.reporters.JUnitReportReporter -->
<testsuite hostname="SC-CAF-CND84305MY" failures="0" tests="5" name="com.MACU.CP.QuickNavigation" time="164.667" errors="0" timestamp="2024-07-03T10:38:40 IST" skipped="0">
  <testcase classname="com.MACU.CP.QuickNavigation" name="testAssertBookmarkArticle" time="2.026"/>
  <system-out/>
  <testcase classname="com.MACU.CP.QuickNavigation" name="testBookmarkArticle" time="28.036"/>
  <system-out/>
  <testcase classname="com.MACU.CP.QuickNavigation" name="testVerifyBookmarkArticle" time="35.922"/>
  <system-out/>
  <testcase classname="com.MACU.CP.QuickNavigation" name="testPreferencesBookmarkPage" time="47.678"/>
  <system-out/>
  <testcase classname="com.MACU.CP.QuickNavigation" name="testPreferencesNotificationPage" time="51.005"/>
  <system-out/>
</testsuite> <!-- com.MACU.CP.QuickNavigation -->
