<?xml version="1.0" encoding="UTF-8"?>
<!-- Generated by org.testng.reporters.JUnitReportReporter -->
<testsuite hostname="SC-CAF-CND84305MY" failures="0" tests="6" name="com.MACU.CP.HomePage" time="125.458" errors="0" timestamp="2024-07-02T16:13:07 IST" skipped="0">
  <testcase classname="com.MACU.CP.HomePage" name="testSearchPage" time="71.029"/>
  <system-out/>
  <testcase classname="com.MACU.CP.HomePage" name="testNewUpdate" time="8.762"/>
  <system-out/>
  <testcase classname="com.MACU.CP.HomePage" name="testTrendingFor" time="5.719"/>
  <system-out/>
  <testcase classname="com.MACU.CP.HomePage" name="testHelpUsImprove" time="11.317"/>
  <system-out/>
  <testcase classname="com.MACU.CP.HomePage" name="testemojis" time="0.096"/>
  <system-out/>
  <testcase classname="com.MACU.CP.HomePage" name="testFooterLinks" time="28.535"/>
  <system-out/>
</testsuite> <!-- com.MACU.CP.HomePage -->
