<?xml version="1.0" encoding="UTF-8"?>
<!-- Generated by org.testng.reporters.JUnitReportReporter -->
<testsuite hostname="SC-CAF-CND84305MY" failures="0" tests="4" name="com.MACU.BUI.CreateNewArticleFlow" time="456.442" errors="0" timestamp="2024-07-02T12:54:57 IST" skipped="0">
  <testcase classname="com.MACU.BUI.CreateNewArticleFlow" name="testNavigateToArticleFlow" time="32.660"/>
  <system-out/>
  <testcase classname="com.MACU.BUI.CreateNewArticleFlow" name="testCreateArticleFlow" time="283.220"/>
  <system-out/>
  <testcase classname="com.MACU.BUI.CreateNewArticleFlow" name="testPublishArticleFlow" time="95.862"/>
  <system-out/>
  <testcase classname="com.MACU.BUI.CreateNewArticleFlow" name="testSearchanArticle" time="44.700"/>
  <system-out/>
</testsuite> <!-- com.MACU.BUI.CreateNewArticleFlow -->
