<?xml version="1.0" encoding="UTF-8"?>
<!-- Generated by org.testng.reporters.JUnitReportReporter -->
<testsuite hostname="SC-CAF-CND84305MY" failures="0" tests="5" name="com.MACU.CP.ArticlePage" time="307.943" errors="0" timestamp="2024-07-02T15:46:06 IST" skipped="0">
  <testcase classname="com.MACU.CP.ArticlePage" name="testSearchPage" time="30.258"/>
  <system-out/>
  <testcase classname="com.MACU.CP.ArticlePage" name="testBookmarkArticle" time="81.805"/>
  <system-out/>
  <testcase classname="com.MACU.CP.ArticlePage" name="testShareEmail" time="64.023"/>
  <system-out/>
  <testcase classname="com.MACU.CP.ArticlePage" name="testSearchArticle" time="29.510"/>
  <system-out/>
  <testcase classname="com.MACU.CP.ArticlePage" name="testRequests" time="102.347"/>
  <system-out/>
</testsuite> <!-- com.MACU.CP.ArticlePage -->
