<?xml version="1.0" encoding="UTF-8"?>
<!-- Generated by org.testng.reporters.JUnitReportReporter -->
<testsuite hostname="SC-CAF-CND84305MY" failures="0" tests="2" name="com.MACU.BUI.SmileyFacesFeedBackReport" time="130.411" errors="0" timestamp="2024-07-02T14:36:09 IST" skipped="0">
  <testcase classname="com.MACU.BUI.SmileyFacesFeedBackReport" name="testNavigateToAnwserVotingSmileyFacesReportFlow" time="109.684"/>
  <system-out/>
  <testcase classname="com.MACU.BUI.SmileyFacesFeedBackReport" name="testSelectingandVerifyingFlow" time="20.727"/>
  <system-out/>
</testsuite> <!-- com.MACU.BUI.SmileyFacesFeedBackReport -->
