<?xml version="1.0" encoding="UTF-8"?>
<!-- Generated by org.testng.reporters.JUnitReportReporter -->
<testsuite hostname="SC-CAF-CND84305MY" failures="0" tests="2" name="com.MACU.BUI.ContactView" time="54.347" errors="0" timestamp="2024-07-04T12:20:12 IST" skipped="0">
  <testcase classname="com.MACU.BUI.ContactView" name="testNavigateToContacts" time="31.394"/>
  <system-out/>
  <testcase classname="com.MACU.BUI.ContactView" name="testContactView" time="22.953"/>
  <system-out/>
</testsuite> <!-- com.MACU.BUI.ContactView -->
